#-----------------------------------------------------------
# Vivado v2015.2 (64-bit)
# SW Build 1266856 on Fri Jun 26 16:35:25 MDT 2015
# IP Build 1264090 on Wed Jun 24 14:22:01 MDT 2015
# Start of session at: Thu May 12 03:33:24 2016
# Process ID: 4323
# Log file: /home/ilim/Documents/HeadlightShit/Headlight_antiglare_wit_arm_srihari/vivado.log
# Journal file: /home/ilim/Documents/HeadlightShit/Headlight_antiglare_wit_arm_srihari/vivado.jou
#-----------------------------------------------------------
start_gui
open_project a.xpr
CRITICAL WARNING: [Project 1-19] Could not find the file '/home/ilim/Documents/HeadlightShit/Headlight_antiglare_wit_arm_srihari/a.srcs/sources_1/bd/design_1/ip/design_1_cameralink_to_axis_0_0/design_1_cameralink_to_axis_0_0.upgrade_log'.
CRITICAL WARNING: [Project 1-19] Could not find the file '/home/ilim/Documents/HeadlightShit/Headlight_antiglare_wit_arm_srihari/a.srcs/sources_1/bd/design_1/ip/design_1_cameralink_to_axis_0_0/ip/v_vid_in_axi4s_0/v_vid_in_axi4s_0.upgrade_log'.
Scanning sources...
Finished scanning sources
INFO: [IP_Flow 19-234] Refreshing IP repositories
INFO: [IP_Flow 19-1700] Loaded user IP repository '/home/ilim/Documents/HeadlightShit/Headlight_antiglare_wit_arm_srihari/repo'.
INFO: [IP_Flow 19-2313] Loaded Vivado IP repository '/opt/Xilinx/Vivado/2015.2/data/ip'.
open_project: Time (s): cpu = 00:00:14 ; elapsed = 00:00:06 . Memory (MB): peak = 5825.043 ; gain = 124.055 ; free physical = 3998 ; free virtual = 14391
bash
WARNING: [Common 17-259] Unknown Tcl command 'bash' sending command to the OS shell for execution.
