#-----------------------------------------------------------
# Vivado v2014.4 (64-bit)
# SW Build 1071353 on Tue Nov 18 18:29:27 MST 2014
# IP Build 1070531 on Tue Nov 18 01:10:18 MST 2014
# Start of session at: Tue Jan 19 17:55:14 2016
# Process ID: 2876
# Log file: C:/Xilinx/a/vivado.log
# Journal file: C:/Xilinx/a\vivado.jou
#-----------------------------------------------------------
start_gui
open_project C:/Xilinx/a/a.xpr
INFO: [Project 1-313] Project file moved from 'C:/Xilinx/anti_glare_arm' since last save.
CRITICAL WARNING: [Project 1-311] Could not find the file 'C:/Xilinx/a/a.srcs/sources_1/bd/design_1/design_1.bd', nor could it be found using path 'C:/Xilinx/anti_glare_arm/anti_glare_arm.srcs/sources_1/bd/design_1/design_1.bd'.
ERROR: [BD 41-587] Cannot read BD file <C:/Xilinx/a/a.srcs/sources_1/bd/design_1/design_1.bd>
ERROR: [BD 41-1155] Could not initialize Parser using <C:/Xilinx/a/a.srcs/sources_1/bd/design_1/design_1.bd>
CRITICAL WARNING: [Project 1-311] Could not find the file 'C:/Xilinx/a/a.srcs/sources_1/imports/hdl/design_1_wrapper.v', nor could it be found using path 'C:/Xilinx/anti_glare_arm/anti_glare_arm.srcs/sources_1/imports/hdl/design_1_wrapper.v'.
CRITICAL WARNING: [Project 1-311] Could not find the file 'C:/Xilinx/a/a.srcs/sources_1/bd/design_1/ip/design_1_bus_doubler_0_0/design_1_bus_doubler_0_0.upgrade_log', nor could it be found using path 'C:/Xilinx/anti_glare_arm/anti_glare_arm.srcs/sources_1/bd/design_1/ip/design_1_bus_doubler_0_0/design_1_bus_doubler_0_0.upgrade_log'.
CRITICAL WARNING: [Project 1-311] Could not find the file 'C:/Xilinx/a/a.srcs/constrs_1/imports/new/video_timing.xdc', nor could it be found using path 'C:/Xilinx/anti_glare_arm/anti_glare_arm.srcs/constrs_1/imports/new/video_timing.xdc'.
CRITICAL WARNING: [Project 1-311] Could not find the file 'C:/Xilinx/a/a.srcs/sim_1/imports/new/tb.sv', nor could it be found using path 'C:/Xilinx/anti_glare_arm/anti_glare_arm.srcs/sim_1/imports/new/tb.sv'.
Scanning sources...
Finished scanning sources
WARNING: [Project 1-509] GeneratedRun file for 'synth_1' not found
INFO: [IP_Flow 19-234] Refreshing IP repositories
INFO: [IP_Flow 19-1700] Loaded user IP repository 'c:/Xilinx/Projects/zynq_mask_test/bram_mask'.
INFO: [IP_Flow 19-1700] Loaded user IP repository 'c:/Xilinx/Projects/CameraLinkToAXI_IP'.
INFO: [IP_Flow 19-1700] Loaded user IP repository 'c:/Xilinx/a/repo'.
INFO: [IP_Flow 19-2313] Loaded Vivado IP repository 'C:/Xilinx/Vivado/2014.4/data/ip'.
ERROR: [Common 17-39] 'open_project' failed due to earlier errors.
update_compile_order -fileset sources_1
update_compile_order -fileset sim_1
update_compile_order -fileset sources_1
update_compile_order -fileset sim_1
update_compile_order -fileset sources_1
update_compile_order -fileset sim_1
update_compile_order -fileset sources_1
exit
INFO: [Common 17-206] Exiting Vivado at Tue Jan 19 17:57:41 2016...
