
*** Running vivado
    with args -log design_1_wrapper.vdi -applog -m64 -messageDb vivado.pb -mode batch -source design_1_wrapper.tcl -notrace


****** Vivado v2015.2 (64-bit)
  **** SW Build 1266856 on Fri Jun 26 16:35:25 MDT 2015
  **** IP Build 1264090 on Wed Jun 24 14:22:01 MDT 2015
    ** Copyright 1986-2015 Xilinx, Inc. All Rights Reserved.

source design_1_wrapper.tcl -notrace
Design is defaulting to srcset: sources_1
Design is defaulting to constrset: constrs_1
INFO: [Netlist 29-17] Analyzing 534 Unisim elements for replacement
INFO: [Netlist 29-28] Unisim Transformation completed in 0 CPU seconds
INFO: [Project 1-479] Netlist was created with Vivado 2015.2
INFO: [Device 21-403] Loading part xc7z035fbg676-1
INFO: [Project 1-570] Preparing netlist for logic optimization
Parsing XDC File [/home/ltcranda/Documents/CMU/HeadlightResearch/HeadlightMaskingLocal/Headlight_antiglare_wit_arm_srihari/a.srcs/sources_1/bd/design_1/ip/design_1_rst_clk_wiz_1_100M_0/design_1_rst_clk_wiz_1_100M_0_board.xdc] for cell 'design_1_i/rst_clk_wiz_1_100M'
Finished Parsing XDC File [/home/ltcranda/Documents/CMU/HeadlightResearch/HeadlightMaskingLocal/Headlight_antiglare_wit_arm_srihari/a.srcs/sources_1/bd/design_1/ip/design_1_rst_clk_wiz_1_100M_0/design_1_rst_clk_wiz_1_100M_0_board.xdc] for cell 'design_1_i/rst_clk_wiz_1_100M'
Parsing XDC File [/home/ltcranda/Documents/CMU/HeadlightResearch/HeadlightMaskingLocal/Headlight_antiglare_wit_arm_srihari/a.srcs/sources_1/bd/design_1/ip/design_1_rst_clk_wiz_1_100M_0/design_1_rst_clk_wiz_1_100M_0.xdc] for cell 'design_1_i/rst_clk_wiz_1_100M'
Finished Parsing XDC File [/home/ltcranda/Documents/CMU/HeadlightResearch/HeadlightMaskingLocal/Headlight_antiglare_wit_arm_srihari/a.srcs/sources_1/bd/design_1/ip/design_1_rst_clk_wiz_1_100M_0/design_1_rst_clk_wiz_1_100M_0.xdc] for cell 'design_1_i/rst_clk_wiz_1_100M'
Parsing XDC File [/home/ltcranda/Documents/CMU/HeadlightResearch/HeadlightMaskingLocal/Headlight_antiglare_wit_arm_srihari/a.srcs/sources_1/bd/design_1/ip/design_1_processing_system7_0_0/design_1_processing_system7_0_0.xdc] for cell 'design_1_i/processing_system7_0/inst'
Finished Parsing XDC File [/home/ltcranda/Documents/CMU/HeadlightResearch/HeadlightMaskingLocal/Headlight_antiglare_wit_arm_srihari/a.srcs/sources_1/bd/design_1/ip/design_1_processing_system7_0_0/design_1_processing_system7_0_0.xdc] for cell 'design_1_i/processing_system7_0/inst'
Parsing XDC File [/home/ltcranda/Documents/CMU/HeadlightResearch/HeadlightMaskingLocal/Headlight_antiglare_wit_arm_srihari/a.srcs/sources_1/bd/design_1/ip/design_1_fifo_generator_0_0/design_1_fifo_generator_0_0/design_1_fifo_generator_0_0.xdc] for cell 'design_1_i/fifo_generator_0/U0'
Finished Parsing XDC File [/home/ltcranda/Documents/CMU/HeadlightResearch/HeadlightMaskingLocal/Headlight_antiglare_wit_arm_srihari/a.srcs/sources_1/bd/design_1/ip/design_1_fifo_generator_0_0/design_1_fifo_generator_0_0/design_1_fifo_generator_0_0.xdc] for cell 'design_1_i/fifo_generator_0/U0'
Parsing XDC File [/home/ltcranda/Documents/CMU/HeadlightResearch/HeadlightMaskingLocal/Headlight_antiglare_wit_arm_srihari/a.srcs/sources_1/bd/design_1/ip/design_1_proc_sys_reset_0_0/design_1_proc_sys_reset_0_0_board.xdc] for cell 'design_1_i/proc_sys_reset_0'
Finished Parsing XDC File [/home/ltcranda/Documents/CMU/HeadlightResearch/HeadlightMaskingLocal/Headlight_antiglare_wit_arm_srihari/a.srcs/sources_1/bd/design_1/ip/design_1_proc_sys_reset_0_0/design_1_proc_sys_reset_0_0_board.xdc] for cell 'design_1_i/proc_sys_reset_0'
Parsing XDC File [/home/ltcranda/Documents/CMU/HeadlightResearch/HeadlightMaskingLocal/Headlight_antiglare_wit_arm_srihari/a.srcs/sources_1/bd/design_1/ip/design_1_proc_sys_reset_0_0/design_1_proc_sys_reset_0_0.xdc] for cell 'design_1_i/proc_sys_reset_0'
Finished Parsing XDC File [/home/ltcranda/Documents/CMU/HeadlightResearch/HeadlightMaskingLocal/Headlight_antiglare_wit_arm_srihari/a.srcs/sources_1/bd/design_1/ip/design_1_proc_sys_reset_0_0/design_1_proc_sys_reset_0_0.xdc] for cell 'design_1_i/proc_sys_reset_0'
Parsing XDC File [/home/ltcranda/Documents/CMU/HeadlightResearch/HeadlightMaskingLocal/Headlight_antiglare_wit_arm_srihari/a.srcs/sources_1/bd/design_1/ip/design_1_clk_wiz_0_0/design_1_clk_wiz_0_0_board.xdc] for cell 'design_1_i/clk_wiz_0/inst'
Finished Parsing XDC File [/home/ltcranda/Documents/CMU/HeadlightResearch/HeadlightMaskingLocal/Headlight_antiglare_wit_arm_srihari/a.srcs/sources_1/bd/design_1/ip/design_1_clk_wiz_0_0/design_1_clk_wiz_0_0_board.xdc] for cell 'design_1_i/clk_wiz_0/inst'
Parsing XDC File [/home/ltcranda/Documents/CMU/HeadlightResearch/HeadlightMaskingLocal/Headlight_antiglare_wit_arm_srihari/a.srcs/sources_1/bd/design_1/ip/design_1_clk_wiz_0_0/design_1_clk_wiz_0_0.xdc] for cell 'design_1_i/clk_wiz_0/inst'
INFO: [Timing 38-35] Done setting XDC timing constraints. [/home/ltcranda/Documents/CMU/HeadlightResearch/HeadlightMaskingLocal/Headlight_antiglare_wit_arm_srihari/a.srcs/sources_1/bd/design_1/ip/design_1_clk_wiz_0_0/design_1_clk_wiz_0_0.xdc:56]
INFO: [Timing 38-2] Deriving generated clocks [/home/ltcranda/Documents/CMU/HeadlightResearch/HeadlightMaskingLocal/Headlight_antiglare_wit_arm_srihari/a.srcs/sources_1/bd/design_1/ip/design_1_clk_wiz_0_0/design_1_clk_wiz_0_0.xdc:56]
get_clocks: Time (s): cpu = 00:00:17 ; elapsed = 00:00:15 . Memory (MB): peak = 1842.496 ; gain = 519.562 ; free physical = 1443 ; free virtual = 10016
Finished Parsing XDC File [/home/ltcranda/Documents/CMU/HeadlightResearch/HeadlightMaskingLocal/Headlight_antiglare_wit_arm_srihari/a.srcs/sources_1/bd/design_1/ip/design_1_clk_wiz_0_0/design_1_clk_wiz_0_0.xdc] for cell 'design_1_i/clk_wiz_0/inst'
Parsing XDC File [/home/ltcranda/Documents/CMU/HeadlightResearch/HeadlightMaskingLocal/Headlight_antiglare_wit_arm_srihari/a.srcs/sources_1/bd/design_1/ip/design_1_proc_sys_reset_1_0/design_1_proc_sys_reset_1_0_board.xdc] for cell 'design_1_i/proc_sys_reset_1'
Finished Parsing XDC File [/home/ltcranda/Documents/CMU/HeadlightResearch/HeadlightMaskingLocal/Headlight_antiglare_wit_arm_srihari/a.srcs/sources_1/bd/design_1/ip/design_1_proc_sys_reset_1_0/design_1_proc_sys_reset_1_0_board.xdc] for cell 'design_1_i/proc_sys_reset_1'
Parsing XDC File [/home/ltcranda/Documents/CMU/HeadlightResearch/HeadlightMaskingLocal/Headlight_antiglare_wit_arm_srihari/a.srcs/sources_1/bd/design_1/ip/design_1_proc_sys_reset_1_0/design_1_proc_sys_reset_1_0.xdc] for cell 'design_1_i/proc_sys_reset_1'
Finished Parsing XDC File [/home/ltcranda/Documents/CMU/HeadlightResearch/HeadlightMaskingLocal/Headlight_antiglare_wit_arm_srihari/a.srcs/sources_1/bd/design_1/ip/design_1_proc_sys_reset_1_0/design_1_proc_sys_reset_1_0.xdc] for cell 'design_1_i/proc_sys_reset_1'
Parsing XDC File [/home/ltcranda/Documents/CMU/HeadlightResearch/HeadlightMaskingLocal/Headlight_antiglare_wit_arm_srihari/a.srcs/sources_1/bd/design_1/ip/design_1_axi_gpio_0_0/design_1_axi_gpio_0_0_board.xdc] for cell 'design_1_i/axi_gpio_0/U0'
Finished Parsing XDC File [/home/ltcranda/Documents/CMU/HeadlightResearch/HeadlightMaskingLocal/Headlight_antiglare_wit_arm_srihari/a.srcs/sources_1/bd/design_1/ip/design_1_axi_gpio_0_0/design_1_axi_gpio_0_0_board.xdc] for cell 'design_1_i/axi_gpio_0/U0'
Parsing XDC File [/home/ltcranda/Documents/CMU/HeadlightResearch/HeadlightMaskingLocal/Headlight_antiglare_wit_arm_srihari/a.srcs/sources_1/bd/design_1/ip/design_1_axi_gpio_0_0/design_1_axi_gpio_0_0.xdc] for cell 'design_1_i/axi_gpio_0/U0'
Finished Parsing XDC File [/home/ltcranda/Documents/CMU/HeadlightResearch/HeadlightMaskingLocal/Headlight_antiglare_wit_arm_srihari/a.srcs/sources_1/bd/design_1/ip/design_1_axi_gpio_0_0/design_1_axi_gpio_0_0.xdc] for cell 'design_1_i/axi_gpio_0/U0'
Parsing XDC File [/home/ltcranda/Documents/CMU/HeadlightResearch/HeadlightMaskingLocal/Headlight_antiglare_wit_arm_srihari/a.srcs/sources_1/bd/design_1/ip/design_1_axi_gpio_1_0/design_1_axi_gpio_1_0_board.xdc] for cell 'design_1_i/axi_gpio_1/U0'
Finished Parsing XDC File [/home/ltcranda/Documents/CMU/HeadlightResearch/HeadlightMaskingLocal/Headlight_antiglare_wit_arm_srihari/a.srcs/sources_1/bd/design_1/ip/design_1_axi_gpio_1_0/design_1_axi_gpio_1_0_board.xdc] for cell 'design_1_i/axi_gpio_1/U0'
Parsing XDC File [/home/ltcranda/Documents/CMU/HeadlightResearch/HeadlightMaskingLocal/Headlight_antiglare_wit_arm_srihari/a.srcs/sources_1/bd/design_1/ip/design_1_axi_gpio_1_0/design_1_axi_gpio_1_0.xdc] for cell 'design_1_i/axi_gpio_1/U0'
Finished Parsing XDC File [/home/ltcranda/Documents/CMU/HeadlightResearch/HeadlightMaskingLocal/Headlight_antiglare_wit_arm_srihari/a.srcs/sources_1/bd/design_1/ip/design_1_axi_gpio_1_0/design_1_axi_gpio_1_0.xdc] for cell 'design_1_i/axi_gpio_1/U0'
Parsing XDC File [/home/ltcranda/Documents/CMU/HeadlightResearch/HeadlightMaskingLocal/Headlight_antiglare_wit_arm_srihari/a.srcs/constrs_1/imports/new/Cameralink_deca.xdc]
INFO: [Timing 38-2] Deriving generated clocks [/home/ltcranda/Documents/CMU/HeadlightResearch/HeadlightMaskingLocal/Headlight_antiglare_wit_arm_srihari/a.srcs/constrs_1/imports/new/Cameralink_deca.xdc:31]
WARNING: [Vivado 12-507] No nets matched 'design_1_i/homography_latest_0/inst/doLookUpInst/count_data[0]'. [/home/ltcranda/Documents/CMU/HeadlightResearch/HeadlightMaskingLocal/Headlight_antiglare_wit_arm_srihari/a.srcs/constrs_1/imports/new/Cameralink_deca.xdc:352]
CRITICAL WARNING: [Common 17-55] 'set_property' expects at least one object. [/home/ltcranda/Documents/CMU/HeadlightResearch/HeadlightMaskingLocal/Headlight_antiglare_wit_arm_srihari/a.srcs/constrs_1/imports/new/Cameralink_deca.xdc:352]
Resolution: If [get_<value>] was used to populate the object, check to make sure this command returns at least one valid object.
WARNING: [Vivado 12-507] No nets matched 'design_1_i/homography_latest_0/inst/doLookUpInst/count_data[1]'. [/home/ltcranda/Documents/CMU/HeadlightResearch/HeadlightMaskingLocal/Headlight_antiglare_wit_arm_srihari/a.srcs/constrs_1/imports/new/Cameralink_deca.xdc:353]
CRITICAL WARNING: [Common 17-55] 'set_property' expects at least one object. [/home/ltcranda/Documents/CMU/HeadlightResearch/HeadlightMaskingLocal/Headlight_antiglare_wit_arm_srihari/a.srcs/constrs_1/imports/new/Cameralink_deca.xdc:353]
Resolution: If [get_<value>] was used to populate the object, check to make sure this command returns at least one valid object.
WARNING: [Vivado 12-507] No nets matched 'design_1_i/homography_latest_0/inst/doLookUpInst/count_data[2]'. [/home/ltcranda/Documents/CMU/HeadlightResearch/HeadlightMaskingLocal/Headlight_antiglare_wit_arm_srihari/a.srcs/constrs_1/imports/new/Cameralink_deca.xdc:354]
CRITICAL WARNING: [Common 17-55] 'set_property' expects at least one object. [/home/ltcranda/Documents/CMU/HeadlightResearch/HeadlightMaskingLocal/Headlight_antiglare_wit_arm_srihari/a.srcs/constrs_1/imports/new/Cameralink_deca.xdc:354]
Resolution: If [get_<value>] was used to populate the object, check to make sure this command returns at least one valid object.
WARNING: [Vivado 12-507] No nets matched 'design_1_i/homography_latest_0/inst/doLookUpInst/count_data[3]'. [/home/ltcranda/Documents/CMU/HeadlightResearch/HeadlightMaskingLocal/Headlight_antiglare_wit_arm_srihari/a.srcs/constrs_1/imports/new/Cameralink_deca.xdc:355]
CRITICAL WARNING: [Common 17-55] 'set_property' expects at least one object. [/home/ltcranda/Documents/CMU/HeadlightResearch/HeadlightMaskingLocal/Headlight_antiglare_wit_arm_srihari/a.srcs/constrs_1/imports/new/Cameralink_deca.xdc:355]
Resolution: If [get_<value>] was used to populate the object, check to make sure this command returns at least one valid object.
WARNING: [Vivado 12-507] No nets matched 'design_1_i/homography_latest_0/inst/doLookUpInst/count_data[4]'. [/home/ltcranda/Documents/CMU/HeadlightResearch/HeadlightMaskingLocal/Headlight_antiglare_wit_arm_srihari/a.srcs/constrs_1/imports/new/Cameralink_deca.xdc:356]
CRITICAL WARNING: [Common 17-55] 'set_property' expects at least one object. [/home/ltcranda/Documents/CMU/HeadlightResearch/HeadlightMaskingLocal/Headlight_antiglare_wit_arm_srihari/a.srcs/constrs_1/imports/new/Cameralink_deca.xdc:356]
Resolution: If [get_<value>] was used to populate the object, check to make sure this command returns at least one valid object.
WARNING: [Vivado 12-507] No nets matched 'design_1_i/homography_latest_0/inst/doLookUpInst/count_data[5]'. [/home/ltcranda/Documents/CMU/HeadlightResearch/HeadlightMaskingLocal/Headlight_antiglare_wit_arm_srihari/a.srcs/constrs_1/imports/new/Cameralink_deca.xdc:357]
CRITICAL WARNING: [Common 17-55] 'set_property' expects at least one object. [/home/ltcranda/Documents/CMU/HeadlightResearch/HeadlightMaskingLocal/Headlight_antiglare_wit_arm_srihari/a.srcs/constrs_1/imports/new/Cameralink_deca.xdc:357]
Resolution: If [get_<value>] was used to populate the object, check to make sure this command returns at least one valid object.
WARNING: [Vivado 12-507] No nets matched 'design_1_i/homography_latest_0/inst/doLookUpInst/count_data[6]'. [/home/ltcranda/Documents/CMU/HeadlightResearch/HeadlightMaskingLocal/Headlight_antiglare_wit_arm_srihari/a.srcs/constrs_1/imports/new/Cameralink_deca.xdc:358]
CRITICAL WARNING: [Common 17-55] 'set_property' expects at least one object. [/home/ltcranda/Documents/CMU/HeadlightResearch/HeadlightMaskingLocal/Headlight_antiglare_wit_arm_srihari/a.srcs/constrs_1/imports/new/Cameralink_deca.xdc:358]
Resolution: If [get_<value>] was used to populate the object, check to make sure this command returns at least one valid object.
WARNING: [Vivado 12-507] No nets matched 'design_1_i/homography_latest_0/inst/doLookUpInst/count_data[0]'. [/home/ltcranda/Documents/CMU/HeadlightResearch/HeadlightMaskingLocal/Headlight_antiglare_wit_arm_srihari/a.srcs/constrs_1/imports/new/Cameralink_deca.xdc:432]
WARNING: [Vivado 12-507] No nets matched 'design_1_i/homography_latest_0/inst/doLookUpInst/count_data[1]'. [/home/ltcranda/Documents/CMU/HeadlightResearch/HeadlightMaskingLocal/Headlight_antiglare_wit_arm_srihari/a.srcs/constrs_1/imports/new/Cameralink_deca.xdc:432]
WARNING: [Vivado 12-507] No nets matched 'design_1_i/homography_latest_0/inst/doLookUpInst/count_data[2]'. [/home/ltcranda/Documents/CMU/HeadlightResearch/HeadlightMaskingLocal/Headlight_antiglare_wit_arm_srihari/a.srcs/constrs_1/imports/new/Cameralink_deca.xdc:432]
WARNING: [Vivado 12-507] No nets matched 'design_1_i/homography_latest_0/inst/doLookUpInst/count_data[3]'. [/home/ltcranda/Documents/CMU/HeadlightResearch/HeadlightMaskingLocal/Headlight_antiglare_wit_arm_srihari/a.srcs/constrs_1/imports/new/Cameralink_deca.xdc:432]
WARNING: [Vivado 12-507] No nets matched 'design_1_i/homography_latest_0/inst/doLookUpInst/count_data[4]'. [/home/ltcranda/Documents/CMU/HeadlightResearch/HeadlightMaskingLocal/Headlight_antiglare_wit_arm_srihari/a.srcs/constrs_1/imports/new/Cameralink_deca.xdc:432]
WARNING: [Vivado 12-507] No nets matched 'design_1_i/homography_latest_0/inst/doLookUpInst/count_data[5]'. [/home/ltcranda/Documents/CMU/HeadlightResearch/HeadlightMaskingLocal/Headlight_antiglare_wit_arm_srihari/a.srcs/constrs_1/imports/new/Cameralink_deca.xdc:432]
WARNING: [Vivado 12-507] No nets matched 'design_1_i/homography_latest_0/inst/doLookUpInst/count_data[6]'. [/home/ltcranda/Documents/CMU/HeadlightResearch/HeadlightMaskingLocal/Headlight_antiglare_wit_arm_srihari/a.srcs/constrs_1/imports/new/Cameralink_deca.xdc:432]
CRITICAL WARNING: [Common 17-162] Invalid option value specified for '-nets'. [/home/ltcranda/Documents/CMU/HeadlightResearch/HeadlightMaskingLocal/Headlight_antiglare_wit_arm_srihari/a.srcs/constrs_1/imports/new/Cameralink_deca.xdc:432]
Finished Parsing XDC File [/home/ltcranda/Documents/CMU/HeadlightResearch/HeadlightMaskingLocal/Headlight_antiglare_wit_arm_srihari/a.srcs/constrs_1/imports/new/Cameralink_deca.xdc]
Parsing XDC File [/home/ltcranda/Documents/CMU/HeadlightResearch/HeadlightMaskingLocal/Headlight_antiglare_wit_arm_srihari/a.srcs/sources_1/bd/design_1/ip/design_1_fifo_generator_0_0/design_1_fifo_generator_0_0/design_1_fifo_generator_0_0_clocks.xdc] for cell 'design_1_i/fifo_generator_0/U0'
Finished Parsing XDC File [/home/ltcranda/Documents/CMU/HeadlightResearch/HeadlightMaskingLocal/Headlight_antiglare_wit_arm_srihari/a.srcs/sources_1/bd/design_1/ip/design_1_fifo_generator_0_0/design_1_fifo_generator_0_0/design_1_fifo_generator_0_0_clocks.xdc] for cell 'design_1_i/fifo_generator_0/U0'
Parsing XDC File [/home/ltcranda/Documents/CMU/HeadlightResearch/HeadlightMaskingLocal/Headlight_antiglare_wit_arm_srihari/a.srcs/sources_1/bd/design_1/ip/design_1_cameralink_to_axis_1_0/ip/v_vid_in_axi4s_0/v_vid_in_axi4s_0_clocks.xdc] for cell 'design_1_i/cameralink_to_axis_1/inst/v_vid_in_axi4s_0_inst/inst'
Finished Parsing XDC File [/home/ltcranda/Documents/CMU/HeadlightResearch/HeadlightMaskingLocal/Headlight_antiglare_wit_arm_srihari/a.srcs/sources_1/bd/design_1/ip/design_1_cameralink_to_axis_1_0/ip/v_vid_in_axi4s_0/v_vid_in_axi4s_0_clocks.xdc] for cell 'design_1_i/cameralink_to_axis_1/inst/v_vid_in_axi4s_0_inst/inst'
INFO: [Opt 31-138] Pushed 0 inverter(s) to 0 load pin(s).
Generating merged BMM file for the design top 'design_1_wrapper'...

INFO: [Project 1-111] Unisim Transformation Summary:
  A total of 45 instances were transformed.
  IBUFDS_DIFF_OUT => IBUFDS_DIFF_OUT (IBUFDS, IBUFDS): 12 instances
  IBUFGDS_DIFF_OUT => IBUFDS_DIFF_OUT (IBUFDS, IBUFDS): 1 instances
  OBUFDS => OBUFDS: 20 instances
  RAM64M => RAM64M (RAMD64E, RAMD64E, RAMD64E, RAMD64E): 12 instances

link_design: Time (s): cpu = 00:00:39 ; elapsed = 00:00:36 . Memory (MB): peak = 1897.570 ; gain = 964.324 ; free physical = 1392 ; free virtual = 9959
Command: opt_design
Attempting to get a license for feature 'Implementation' and/or device 'xc7z035'
INFO: [Common 17-349] Got license for feature 'Implementation' and/or device 'xc7z035'
Running DRC as a precondition to command opt_design

Starting DRC Task
INFO: [DRC 23-27] Running DRC with 4 threads
INFO: [Project 1-461] DRC finished with 0 Errors
INFO: [Project 1-462] Please refer to the DRC report (report_drc) for more information.

Time (s): cpu = 00:00:00.58 ; elapsed = 00:00:00.58 . Memory (MB): peak = 1908.582 ; gain = 3.012 ; free physical = 1388 ; free virtual = 9958
INFO: [Timing 38-35] Done setting XDC timing constraints.

Starting Logic Optimization Task
Logic Optimization | Checksum: d350f3b2
Ending Logic Optimization Task | Checksum: d350f3b2

Time (s): cpu = 00:00:00.19 ; elapsed = 00:00:00.19 . Memory (MB): peak = 1908.582 ; gain = 0.000 ; free physical = 1383 ; free virtual = 9954
INFO: [Common 17-83] Releasing license: Implementation
16 Infos, 14 Warnings, 8 Critical Warnings and 1 Errors encountered.
opt_design failed
ERROR: [Chipscope 16-213] The debug port 'u_ila_1/probe0' has 7 unconnected channels (bits). This will cause errors during implementation.
INFO: [Common 17-206] Exiting Vivado at Thu Apr 21 15:45:36 2016...
