#-----------------------------------------------------------
# Vivado v2015.2 (64-bit)
# SW Build 1266856 on Fri Jun 26 16:35:25 MDT 2015
# IP Build 1264090 on Wed Jun 24 14:22:01 MDT 2015
# Start of session at: Thu Apr 21 21:36:53 2016
# Process ID: 10241
# Log file: /home/ltcranda/Documents/CMU/HeadlightResearch/HeadlightMaskingLocal/Headlight_antiglare_wit_arm_srihari/a.srcs/constrs_1/imports/new/vivado.log
# Journal file: /home/ltcranda/Documents/CMU/HeadlightResearch/HeadlightMaskingLocal/Headlight_antiglare_wit_arm_srihari/a.srcs/constrs_1/imports/new/vivado.jou
#-----------------------------------------------------------
start_gui
open_project /home/ltcranda/Documents/CMU/HeadlightResearch/HeadlightMaskingLocal/Headlight_antiglare_wit_arm_srihari/a.xpr
CRITICAL WARNING: [Project 1-19] Could not find the file '/home/ltcranda/Documents/CMU/HeadlightResearch/HeadlightMaskingLocal/Headlight_antiglare_wit_arm_srihari/a.srcs/sources_1/bd/design_1/ip/design_1_cameralink_to_axis_0_0/design_1_cameralink_to_axis_0_0.upgrade_log'.
CRITICAL WARNING: [Project 1-19] Could not find the file '/home/ltcranda/Documents/CMU/HeadlightResearch/HeadlightMaskingLocal/Headlight_antiglare_wit_arm_srihari/a.srcs/sources_1/bd/design_1/ip/design_1_cameralink_to_axis_0_0/ip/v_vid_in_axi4s_0/v_vid_in_axi4s_0.upgrade_log'.
Scanning sources...
Finished scanning sources
INFO: [IP_Flow 19-234] Refreshing IP repositories
INFO: [IP_Flow 19-1700] Loaded user IP repository '/home/ltcranda/Documents/CMU/HeadlightResearch/HeadlightMaskingLocal/Headlight_antiglare_wit_arm_srihari/repo'.
INFO: [IP_Flow 19-2313] Loaded Vivado IP repository '/opt/Xilinx/Vivado/2015.2/data/ip'.
WARNING: [BD 41-1661] One or more IPs have been locked in the design 'design_1.bd'. Please run report_ip_status for more details and recommendations on how to fix this issue.
List of locked IPs:
design_1_auto_pc_1
design_1_auto_pc_0
design_1_hls_threshold_1_0
design_1_xbar_0
design_1_axi_bram_ctrl_1_0
design_1_blk_mem_gen_0_1
design_1_axi_gpio_0_0
design_1_bram_mask_1_1
design_1_clk_wiz_0_0
design_1_proc_sys_reset_0_0
design_1_axis_dwidth_converter_0_0
design_1_xlconcat_0_0
design_1_rst_clk_wiz_1_100M_0
design_1_axi_gpio_1_0
design_1_cameralink_to_axis_1_0
design_1_blk_mem_gen_0_0
design_1_xlconstant_1_1
design_1_axi_bram_ctrl_0_0
design_1_fifo_generator_0_0
design_1_c_shift_ram_1_0
design_1_address_gen_param_0_0
design_1_auto_pc_2
design_1_proc_sys_reset_1_0
design_1_processing_system7_0_0
design_1_c_shift_ram_0_0
design_1_blk_mem_gen_1_0
design_1_xlconstant_0_0
design_1_util_reduced_logic_0_0
design_1_bus_doubler_0_0
design_1_homography_latest_0_0
design_1_line_buf_0_0

open_project: Time (s): cpu = 00:00:22 ; elapsed = 00:00:09 . Memory (MB): peak = 5877.965 ; gain = 168.238 ; free physical = 62 ; free virtual = 7965
exit
INFO: [Common 17-206] Exiting Vivado at Thu Apr 21 22:06:09 2016...
