Copyright 1986-2015 Xilinx, Inc. All Rights Reserved.
---------------------------------------------------------------------------------------------------
| Tool Version      : Vivado v.2015.2 (lin64) Build 1266856 Fri Jun 26 16:35:25 MDT 2015
| Date              : Tue Jun 14 18:01:14 2016
| Host              : ilim-Lenovo-YOGA-700-14ISK running 64-bit Ubuntu 14.04.4 LTS
| Command           : report_clock_utilization -file design_1_wrapper_clock_utilization_routed.rpt
| Design            : design_1_wrapper
| Device            : 7z030-fbg676
| Speed File        : -1  PRODUCTION 1.11 2014-09-11
| Temperature Grade : C
---------------------------------------------------------------------------------------------------

Clock Utilization Report

Table of Contents
-----------------
1. Clock Primitive Utilization
2. Details of Global Clocks
3. Details of Regional Clocks
4. Details of Multi-Regional Clocks
5. Details of I/O Clocks
6. Details of Local Clocks
7. Clock Regions : Key Resource Utilization
8. Net wise resources used in clock region X0Y0
9. Net wise resources used in clock region X1Y0
10. Net wise resources used in clock region X0Y1
11. Net wise resources used in clock region X1Y1
12. Net wise resources used in clock region X0Y2
13. Net wise resources used in clock region X1Y2
14. Net wise resources used in clock region X0Y3
15. Net wise resources used in clock region X1Y3

1. Clock Primitive Utilization
------------------------------

+-------+------+-----------+-----------+
| Type  | Used | Available | Num Fixed |
+-------+------+-----------+-----------+
| BUFG  |    9 |        32 |         0 |
| BUFH  |    0 |        96 |         0 |
| BUFIO |    0 |        20 |         0 |
| MMCM  |    1 |         5 |         0 |
| PLL   |    1 |         5 |         0 |
| BUFR  |    0 |        20 |         0 |
| BUFMR |    0 |        10 |         0 |
+-------+------+-----------+-----------+


2. Details of Global Clocks
---------------------------

+-------+-----------------------------------------------------------------------------------------------+--------------------------------------------------------------------------------------------------------+--------------+-------+
|       |                                                                                               |                                                                                                        |   Num Loads  |       |
+-------+-----------------------------------------------------------------------------------------------+--------------------------------------------------------------------------------------------------------+------+-------+-------+
| Index | BUFG Cell                                                                                     | Net Name                                                                                               | BELs | Sites | Fixed |
+-------+-----------------------------------------------------------------------------------------------+--------------------------------------------------------------------------------------------------------+------+-------+-------+
|     1 | design_1_i/cameralink_to_axis_1/refclk_out_BUFG_inst                                          | design_1_i/cameralink_to_axis_1/refclk_out                                                             |    1 |     1 |    no |
|     2 | design_1_i/clk_wiz_0/inst/clkf_buf                                                            | design_1_i/clk_wiz_0/inst/clkfbout_buf_design_1_clk_wiz_0_0                                            |    1 |     1 |    no |
|     3 | design_1_i/processing_system7_0/inst/buffer_fclk_clk_1.FCLK_CLK_1_BUFG                        | design_1_i/processing_system7_0/inst/FCLK_CLK1                                                         |    1 |     1 |    no |
|     4 | design_1_i/cameralink_to_axis_1/inst/top_lvds_4x3_7to1_sdr_rx_inst/rx0/rx0/loop8.bufg_mmcm_xn | design_1_i/cameralink_to_axis_1/inst/top_lvds_4x3_7to1_sdr_rx_inst/rx0/rx0/clk_iserdes_data_d_reg[6]_0 |   27 |    54 |    no |
|     5 | pixel_clk_out_BUFG_inst                                                                       | pixel_clk_out_BUFG                                                                                     |  266 |   108 |    no |
|     6 | design_1_i/clk_wiz_0/inst/clkout2_buf                                                         | design_1_i/clk_wiz_0/inst/clk_out2                                                                     |  793 |   428 |    no |
|     7 | design_1_i/clk_wiz_0/inst/clkout1_buf                                                         | design_1_i/clk_wiz_0/inst/clk_out1                                                                     | 1474 |   597 |    no |
|     8 | design_1_i/cameralink_to_axis_1/inst/top_lvds_4x3_7to1_sdr_rx_inst/rx0/rx0/loop8.bufg_mmcm_x1 | design_1_i/cameralink_to_axis_1/inst/top_lvds_4x3_7to1_sdr_rx_inst/rx0/rx0/s_state_reg[0]              | 1481 |   488 |    no |
|     9 | design_1_i/processing_system7_0/inst/buffer_fclk_clk_0.FCLK_CLK_0_BUFG                        | design_1_i/processing_system7_0/inst/FCLK_CLK0                                                         | 3707 |  1239 |    no |
+-------+-----------------------------------------------------------------------------------------------+--------------------------------------------------------------------------------------------------------+------+-------+-------+


+-------+---------------------------------------------------------------------------------------------------+------------------------------------------------------------------------------------------+--------------+-------+
|       |                                                                                                   |                                                                                          |   Num Loads  |       |
+-------+---------------------------------------------------------------------------------------------------+------------------------------------------------------------------------------------------+------+-------+-------+
| Index | MMCM Cell                                                                                         | Net Name                                                                                 | BELs | Sites | Fixed |
+-------+---------------------------------------------------------------------------------------------------+------------------------------------------------------------------------------------------+------+-------+-------+
|     1 | design_1_i/cameralink_to_axis_1/inst/top_lvds_4x3_7to1_sdr_rx_inst/rx0/rx0/loop8.rx_mmcm_adv_inst | design_1_i/cameralink_to_axis_1/inst/top_lvds_4x3_7to1_sdr_rx_inst/rx0/rx0/rx_mmcmout_x1 |    1 |     1 |    no |
|     2 | design_1_i/cameralink_to_axis_1/inst/top_lvds_4x3_7to1_sdr_rx_inst/rx0/rx0/loop8.rx_mmcm_adv_inst | design_1_i/cameralink_to_axis_1/inst/top_lvds_4x3_7to1_sdr_rx_inst/rx0/rx0/rx_mmcmout_xs |    1 |     1 |    no |
+-------+---------------------------------------------------------------------------------------------------+------------------------------------------------------------------------------------------+------+-------+-------+


+-------+------------------------------------------+---------------------------------------------------------+--------------+-------+
|       |                                          |                                                         |   Num Loads  |       |
+-------+------------------------------------------+---------------------------------------------------------+------+-------+-------+
| Index | PLL Cell                                 | Net Name                                                | BELs | Sites | Fixed |
+-------+------------------------------------------+---------------------------------------------------------+------+-------+-------+
|     1 | design_1_i/clk_wiz_0/inst/plle2_adv_inst | design_1_i/clk_wiz_0/inst/clk_out1_design_1_clk_wiz_0_0 |    1 |     1 |    no |
|     2 | design_1_i/clk_wiz_0/inst/plle2_adv_inst | design_1_i/clk_wiz_0/inst/clk_out2_design_1_clk_wiz_0_0 |    1 |     1 |    no |
|     3 | design_1_i/clk_wiz_0/inst/plle2_adv_inst | design_1_i/clk_wiz_0/inst/clkfbout_design_1_clk_wiz_0_0 |    1 |     1 |    no |
+-------+------------------------------------------+---------------------------------------------------------+------+-------+-------+


3. Details of Regional Clocks
-----------------------------

4. Details of Multi-Regional Clocks
-----------------------------------

5. Details of I/O Clocks
------------------------

6. Details of Local Clocks
--------------------------

+-------+-------------------------------------------+-----------------------------------+--------------+-------+
|       |                                           |                                   |   Num Loads  |       |
+-------+-------------------------------------------+-----------------------------------+------+-------+-------+
| Index | Local Clk Src                             | Net Name                          | BELs | Sites | Fixed |
+-------+-------------------------------------------+-----------------------------------+------+-------+-------+
|     1 | design_1_i/bus_doubler_0/inst/out_clk_reg | design_1_i/bus_doubler_0/inst/CLK |   79 |    71 |    no |
+-------+-------------------------------------------+-----------------------------------+------+-------+-------+


7. Clock Regions : Key Resource Utilization
-------------------------------------------

+-------------------+--------------+--------------+--------------+--------------+--------------+--------------+--------------+--------------+--------------+--------------+--------------+--------------+--------------+--------------+--------------+
|                   | Global Clock |     BUFRs    |    BUFMRs    |    BUFIOs    |     MMCM     |      PLL     |      GT      |      PCI     |    ILOGIC    |    OLOGIC    |      FF      |     LUTM     |    RAMB18    |    RAMB36    |    DSP48E1   |
+-------------------+------+-------+------+-------+------+-------+------+-------+------+-------+------+-------+------+-------+------+-------+------+-------+------+-------+------+-------+------+-------+------+-------+------+-------+------+-------+
| Clock Region Name | Used | Avail | Used | Avail | Used | Avail | Used | Avail | Used | Avail | Used | Avail | Used | Avail | Used | Avail | Used | Avail | Used | Avail | Used | Avail | Used | Avail | Used | Avail | Used | Avail | Used | Avail |
+-------------------+------+-------+------+-------+------+-------+------+-------+------+-------+------+-------+------+-------+------+-------+------+-------+------+-------+------+-------+------+-------+------+-------+------+-------+------+-------+
| X0Y0              |    4 |    12 |    0 |     4 |    0 |     2 |    0 |     4 |    1 |     1 |    1 |     1 |    0 |     0 |    0 |     0 |    0 |    50 |    0 |    50 |   57 | 23200 |    0 |  4800 |    0 |    80 |   30 |    40 |    0 |    80 |
| X1Y0              |    1 |    12 |    0 |     0 |    0 |     0 |    0 |     0 |    0 |     0 |    0 |     0 |    0 |     5 |    0 |     1 |    0 |     0 |    0 |     0 |   21 | 20400 |    0 |  2600 |    0 |    50 |   20 |    25 |    0 |    40 |
| X0Y1              |    6 |    12 |    0 |     4 |    0 |     2 |    0 |     4 |    0 |     1 |    0 |     1 |    0 |     0 |    0 |     0 |   27 |    50 |    0 |    50 | 2851 | 23200 |   80 |  4800 |    3 |    80 |   37 |    40 |    0 |    80 |
| X1Y1              |    1 |    12 |    0 |     4 |    0 |     2 |    0 |     4 |    0 |     1 |    0 |     1 |    0 |     0 |    0 |     0 |    0 |    50 |    0 |    50 |   99 | 24800 |    0 |  3200 |    0 |    80 |   37 |    40 |    0 |    40 |
| X0Y2              |    3 |    12 |    0 |     0 |    0 |     0 |    0 |     0 |    0 |     0 |    0 |     0 |    0 |     0 |    0 |     0 |    0 |     0 |    0 |     0 | 2101 | 12800 |  130 |  2400 |    1 |    40 |   18 |    20 |    0 |    40 |
| X1Y2              |    3 |    12 |    0 |     4 |    0 |     2 |    0 |     4 |    0 |     1 |    0 |     1 |    0 |     0 |    0 |     0 |    0 |    50 |    0 |    50 |  998 | 20000 |   78 |  3200 |    0 |    80 |   38 |    40 |    0 |    40 |
| X0Y3              |    1 |    12 |    0 |     0 |    0 |     0 |    0 |     0 |    0 |     0 |    0 |     0 |    0 |     0 |    0 |     0 |    0 |     0 |    0 |     0 |  925 | 12800 |   86 |  2400 |    0 |    40 |    5 |    20 |    0 |    40 |
| X1Y3              |    1 |    12 |    0 |     4 |    0 |     2 |    0 |     4 |    0 |     1 |    0 |     1 |    0 |     0 |    0 |     0 |    0 |    50 |    0 |    50 |   44 | 20000 |    0 |  3200 |    0 |    80 |   11 |    40 |    0 |    40 |
+-------------------+------+-------+------+-------+------+-------+------+-------+------+-------+------+-------+------+-------+------+-------+------+-------+------+-------+------+-------+------+-------+------+-------+------+-------+------+-------+
* RAMB36 site can be used as two RAMB18/FIFO18 sites.


8. Net wise resources used in clock region X0Y0
-----------------------------------------------

+-------------+-------------+-------+-----------+----------+---------+-----------+---------+---------+-----+-------+----------+-------------------------------------------------------------------------------------------+
| Source Type | BUFHCE Site | Fixed | MMCM Pins | PLL Pins | GT Pins | BRAM Pins | ILOGICs | OLOGICs | FFs | LUTMs | DSP48E1s |                                       Clock Net Name                                      |
+-------------+-------------+-------+-----------+----------+---------+-----------+---------+---------+-----+-------+----------+-------------------------------------------------------------------------------------------+
| BUFG        | BUFHCE_X0Y1 |   no  |         0 |        1 |       0 |         0 |       0 |       0 |   0 |     0 |        0 | design_1_i/clk_wiz_0/inst/clkfbout_buf_design_1_clk_wiz_0_0                               |
| BUFG        | BUFHCE_X0Y0 |   no  |         0 |        1 |       0 |         0 |       0 |       0 |   0 |     0 |        0 | design_1_i/processing_system7_0/inst/FCLK_CLK1                                            |
| BUFG        | BUFHCE_X0Y2 |   no  |         1 |        0 |       0 |         0 |       0 |       0 |  27 |     0 |        0 | design_1_i/cameralink_to_axis_1/inst/top_lvds_4x3_7to1_sdr_rx_inst/rx0/rx0/s_state_reg[0] |
| BUFG        | BUFHCE_X0Y8 |   no  |         0 |        0 |       0 |        30 |       0 |       0 |  30 |     0 |        0 | design_1_i/clk_wiz_0/inst/clk_out2                                                        |
+-------------+-------------+-------+-----------+----------+---------+-----------+---------+---------+-----+-------+----------+-------------------------------------------------------------------------------------------+


9. Net wise resources used in clock region X1Y0
-----------------------------------------------

+-------------+-------------+-------+-----------+----------+---------+-----------+---------+---------+-----+-------+----------+------------------------------------+
| Source Type | BUFHCE Site | Fixed | MMCM Pins | PLL Pins | GT Pins | BRAM Pins | ILOGICs | OLOGICs | FFs | LUTMs | DSP48E1s |           Clock Net Name           |
+-------------+-------------+-------+-----------+----------+---------+-----------+---------+---------+-----+-------+----------+------------------------------------+
| BUFG        | BUFHCE_X1Y8 |   no  |         0 |        0 |       0 |        20 |       0 |       0 |  21 |     0 |        0 | design_1_i/clk_wiz_0/inst/clk_out2 |
+-------------+-------------+-------+-----------+----------+---------+-----------+---------+---------+-----+-------+----------+------------------------------------+


10. Net wise resources used in clock region X0Y1
------------------------------------------------

+-------------+--------------+-------+-----------+----------+---------+-----------+---------+---------+------+-------+----------+--------------------------------------------------------------------------------------------------------+
| Source Type | BUFHCE Site  | Fixed | MMCM Pins | PLL Pins | GT Pins | BRAM Pins | ILOGICs | OLOGICs |  FFs | LUTMs | DSP48E1s |                                             Clock Net Name                                             |
+-------------+--------------+-------+-----------+----------+---------+-----------+---------+---------+------+-------+----------+--------------------------------------------------------------------------------------------------------+
| BUFG        | BUFHCE_X0Y23 |   no  |         0 |        0 |       0 |         0 |      54 |       0 |    0 |     0 |        0 | design_1_i/cameralink_to_axis_1/inst/top_lvds_4x3_7to1_sdr_rx_inst/rx0/rx0/clk_iserdes_data_d_reg[6]_0 |
| BUFG        | BUFHCE_X0Y22 |   no  |         0 |        0 |       0 |         0 |       0 |       0 |    8 |     0 |        0 | design_1_i/processing_system7_0/inst/FCLK_CLK0                                                         |
| BUFG        | BUFHCE_X0Y21 |   no  |         0 |        0 |       0 |        39 |       0 |       0 |  408 |     0 |        0 | design_1_i/clk_wiz_0/inst/clk_out2                                                                     |
| BUFG        | BUFHCE_X0Y20 |   no  |         0 |        0 |       0 |         5 |       0 |       0 | 1120 |     0 |        0 | design_1_i/clk_wiz_0/inst/clk_out1                                                                     |
| BUFG        | BUFHCE_X0Y12 |   no  |         0 |        0 |       0 |         3 |      27 |       0 | 1315 |    80 |        0 | design_1_i/cameralink_to_axis_1/inst/top_lvds_4x3_7to1_sdr_rx_inst/rx0/rx0/s_state_reg[0]              |
+-------------+--------------+-------+-----------+----------+---------+-----------+---------+---------+------+-------+----------+--------------------------------------------------------------------------------------------------------+


11. Net wise resources used in clock region X1Y1
------------------------------------------------

+-------------+--------------+-------+-----------+----------+---------+-----------+---------+---------+-----+-------+----------+------------------------------------+
| Source Type | BUFHCE Site  | Fixed | MMCM Pins | PLL Pins | GT Pins | BRAM Pins | ILOGICs | OLOGICs | FFs | LUTMs | DSP48E1s |           Clock Net Name           |
+-------------+--------------+-------+-----------+----------+---------+-----------+---------+---------+-----+-------+----------+------------------------------------+
| BUFG        | BUFHCE_X1Y20 |   no  |         0 |        0 |       0 |        37 |       0 |       0 |  99 |     0 |        0 | design_1_i/clk_wiz_0/inst/clk_out2 |
+-------------+--------------+-------+-----------+----------+---------+-----------+---------+---------+-----+-------+----------+------------------------------------+


12. Net wise resources used in clock region X0Y2
------------------------------------------------

+-------------+--------------+-------+-----------+----------+---------+-----------+---------+---------+------+-------+----------+------------------------------------------------+
| Source Type | BUFHCE Site  | Fixed | MMCM Pins | PLL Pins | GT Pins | BRAM Pins | ILOGICs | OLOGICs |  FFs | LUTMs | DSP48E1s |                 Clock Net Name                 |
+-------------+--------------+-------+-----------+----------+---------+-----------+---------+---------+------+-------+----------+------------------------------------------------+
| BUFG        | BUFHCE_X0Y33 |   no  |         0 |        0 |       0 |         4 |       0 |       0 |   46 |     1 |        0 | design_1_i/clk_wiz_0/inst/clk_out2             |
| BUFG        | BUFHCE_X0Y32 |   no  |         0 |        0 |       0 |         1 |       0 |       0 |  347 |     1 |        0 | design_1_i/clk_wiz_0/inst/clk_out1             |
| BUFG        | BUFHCE_X0Y34 |   no  |         0 |        0 |       0 |        15 |       0 |       0 | 1708 |   128 |        0 | design_1_i/processing_system7_0/inst/FCLK_CLK0 |
+-------------+--------------+-------+-----------+----------+---------+-----------+---------+---------+------+-------+----------+------------------------------------------------+


13. Net wise resources used in clock region X1Y2
------------------------------------------------

+-------------+--------------+-------+-----------+----------+---------+-----------+---------+---------+-----+-------+----------+------------------------------------------------+
| Source Type | BUFHCE Site  | Fixed | MMCM Pins | PLL Pins | GT Pins | BRAM Pins | ILOGICs | OLOGICs | FFs | LUTMs | DSP48E1s |                 Clock Net Name                 |
+-------------+--------------+-------+-----------+----------+---------+-----------+---------+---------+-----+-------+----------+------------------------------------------------+
| BUFG        | BUFHCE_X1Y32 |   no  |         0 |        0 |       0 |         5 |       0 |       0 |  55 |     0 |        0 | design_1_i/clk_wiz_0/inst/clk_out2             |
| BUFG        | BUFHCE_X1Y33 |   no  |         0 |        0 |       0 |         0 |       0 |       0 | 218 |    48 |        0 | pixel_clk_out_BUFG                             |
| BUFG        | BUFHCE_X1Y34 |   no  |         0 |        0 |       0 |        33 |       0 |       0 | 721 |    22 |        0 | design_1_i/processing_system7_0/inst/FCLK_CLK0 |
+-------------+--------------+-------+-----------+----------+---------+-----------+---------+---------+-----+-------+----------+------------------------------------------------+


14. Net wise resources used in clock region X0Y3
------------------------------------------------

+-------------+--------------+-------+-----------+----------+---------+-----------+---------+---------+-----+-------+----------+------------------------------------------------+
| Source Type | BUFHCE Site  | Fixed | MMCM Pins | PLL Pins | GT Pins | BRAM Pins | ILOGICs | OLOGICs | FFs | LUTMs | DSP48E1s |                 Clock Net Name                 |
+-------------+--------------+-------+-----------+----------+---------+-----------+---------+---------+-----+-------+----------+------------------------------------------------+
| BUFG        | BUFHCE_X0Y44 |   no  |         0 |        0 |       0 |         5 |       0 |       0 | 925 |    86 |        0 | design_1_i/processing_system7_0/inst/FCLK_CLK0 |
+-------------+--------------+-------+-----------+----------+---------+-----------+---------+---------+-----+-------+----------+------------------------------------------------+


15. Net wise resources used in clock region X1Y3
------------------------------------------------

+-------------+--------------+-------+-----------+----------+---------+-----------+---------+---------+-----+-------+----------+------------------------------------------------+
| Source Type | BUFHCE Site  | Fixed | MMCM Pins | PLL Pins | GT Pins | BRAM Pins | ILOGICs | OLOGICs | FFs | LUTMs | DSP48E1s |                 Clock Net Name                 |
+-------------+--------------+-------+-----------+----------+---------+-----------+---------+---------+-----+-------+----------+------------------------------------------------+
| BUFG        | BUFHCE_X1Y44 |   no  |         0 |        0 |       0 |        11 |       0 |       0 |  44 |     0 |        0 | design_1_i/processing_system7_0/inst/FCLK_CLK0 |
+-------------+--------------+-------+-----------+----------+---------+-----------+---------+---------+-----+-------+----------+------------------------------------------------+



# Location of BUFG Primitives 
set_property LOC BUFGCTRL_X0Y1 [get_cells design_1_i/cameralink_to_axis_1/inst/top_lvds_4x3_7to1_sdr_rx_inst/rx0/rx0/loop8.bufg_mmcm_xn]
set_property LOC BUFGCTRL_X0Y0 [get_cells design_1_i/cameralink_to_axis_1/inst/top_lvds_4x3_7to1_sdr_rx_inst/rx0/rx0/loop8.bufg_mmcm_x1]
set_property LOC BUFGCTRL_X0Y2 [get_cells design_1_i/cameralink_to_axis_1/refclk_out_BUFG_inst]
set_property LOC BUFGCTRL_X0Y3 [get_cells design_1_i/clk_wiz_0/inst/clkout1_buf]
set_property LOC BUFGCTRL_X0Y4 [get_cells design_1_i/clk_wiz_0/inst/clkout2_buf]
set_property LOC BUFGCTRL_X0Y6 [get_cells design_1_i/clk_wiz_0/inst/clkf_buf]
set_property LOC BUFGCTRL_X0Y16 [get_cells design_1_i/processing_system7_0/inst/buffer_fclk_clk_0.FCLK_CLK_0_BUFG]
set_property LOC BUFGCTRL_X0Y17 [get_cells design_1_i/processing_system7_0/inst/buffer_fclk_clk_1.FCLK_CLK_1_BUFG]
set_property LOC BUFGCTRL_X0Y5 [get_cells pixel_clk_out_BUFG_inst]

# Location of IO Clock Primitives

# Location of MMCM Clock Primitives
set_property LOC MMCME2_ADV_X0Y0 [get_cells design_1_i/cameralink_to_axis_1/inst/top_lvds_4x3_7to1_sdr_rx_inst/rx0/rx0/loop8.rx_mmcm_adv_inst]

# Location of BUFH Clock Primitives

# Location of BUFR Clock Primitives

# Location of BUFMR Clock Primitives

# Location of PLL Clock Primitives
set_property LOC PLLE2_ADV_X0Y0 [get_cells design_1_i/clk_wiz_0/inst/plle2_adv_inst]

# Location of IO Primitives which is load of clock spine
set_property LOC IOB_X1Y126 [get_cells OBUFDS_inst10]

# Location of clock ports
set_property LOC IOB_X1Y71 [get_ports diff_clock_clk_n]
set_property LOC IOB_X1Y72 [get_ports diff_clock_clk_p]

# Clock net "design_1_i/bus_doubler_0/inst/CLK" driven by instance "design_1_i/bus_doubler_0/inst/out_clk_reg" located at site "SLICE_X56Y119"
#startgroup
create_pblock {CLKAG_design_1_i/bus_doubler_0/inst/CLK}
add_cells_to_pblock [get_pblocks  {CLKAG_design_1_i/bus_doubler_0/inst/CLK}] [get_cells -filter { PRIMITIVE_GROUP != I/O && IS_PRIMITIVE==1 && PRIMITIVE_LEVEL !=INTERNAL && NAME!=OBUFDS_inst10 && NAME!=pixel_clk_out_BUFG_inst} -of_object [get_pins -filter {DIRECTION==IN} -of_objects [get_nets -hierarchical -filter {PARENT=="design_1_i/bus_doubler_0/inst/CLK"}]]]
resize_pblock [get_pblocks {CLKAG_design_1_i/bus_doubler_0/inst/CLK}] -add {CLOCKREGION_X0Y2:CLOCKREGION_X0Y2 CLOCKREGION_X0Y3:CLOCKREGION_X0Y3 CLOCKREGION_X1Y2:CLOCKREGION_X1Y2 CLOCKREGION_X1Y3:CLOCKREGION_X1Y3}
#endgroup

# Clock net "design_1_i/cameralink_to_axis_1/inst/top_lvds_4x3_7to1_sdr_rx_inst/rx0/rx0/clk_iserdes_data_d_reg[6]_0" driven by instance "design_1_i/cameralink_to_axis_1/inst/top_lvds_4x3_7to1_sdr_rx_inst/rx0/rx0/loop8.bufg_mmcm_xn" located at site "BUFGCTRL_X0Y1"
#startgroup
create_pblock {CLKAG_design_1_i/cameralink_to_axis_1/inst/top_lvds_4x3_7to1_sdr_rx_inst/rx0/rx0/clk_iserdes_data_d_reg[6]_0}
add_cells_to_pblock [get_pblocks  {CLKAG_design_1_i/cameralink_to_axis_1/inst/top_lvds_4x3_7to1_sdr_rx_inst/rx0/rx0/clk_iserdes_data_d_reg[6]_0}] [get_cells -filter { PRIMITIVE_GROUP != I/O && IS_PRIMITIVE==1 && PRIMITIVE_LEVEL !=INTERNAL } -of_object [get_pins -filter {DIRECTION==IN} -of_objects [get_nets -hierarchical -filter {PARENT=="design_1_i/cameralink_to_axis_1/inst/top_lvds_4x3_7to1_sdr_rx_inst/rx0/rx0/clk_iserdes_data_d_reg[6]_0"}]]]
resize_pblock [get_pblocks {CLKAG_design_1_i/cameralink_to_axis_1/inst/top_lvds_4x3_7to1_sdr_rx_inst/rx0/rx0/clk_iserdes_data_d_reg[6]_0}] -add {CLOCKREGION_X0Y1:CLOCKREGION_X0Y1}
#endgroup

# Clock net "design_1_i/cameralink_to_axis_1/inst/top_lvds_4x3_7to1_sdr_rx_inst/rx0/rx0/s_state_reg[0]" driven by instance "design_1_i/cameralink_to_axis_1/inst/top_lvds_4x3_7to1_sdr_rx_inst/rx0/rx0/loop8.bufg_mmcm_x1" located at site "BUFGCTRL_X0Y0"
#startgroup
create_pblock {CLKAG_design_1_i/cameralink_to_axis_1/inst/top_lvds_4x3_7to1_sdr_rx_inst/rx0/rx0/s_state_reg[0]}
add_cells_to_pblock [get_pblocks  {CLKAG_design_1_i/cameralink_to_axis_1/inst/top_lvds_4x3_7to1_sdr_rx_inst/rx0/rx0/s_state_reg[0]}] [get_cells -filter { PRIMITIVE_GROUP != I/O && IS_PRIMITIVE==1 && PRIMITIVE_LEVEL !=INTERNAL && NAME!=design_1_i/cameralink_to_axis_1/inst/top_lvds_4x3_7to1_sdr_rx_inst/rx0/rx0/loop8.rx_mmcm_adv_inst} -of_object [get_pins -filter {DIRECTION==IN} -of_objects [get_nets -hierarchical -filter {PARENT=="design_1_i/cameralink_to_axis_1/inst/top_lvds_4x3_7to1_sdr_rx_inst/rx0/rx0/s_state_reg[0]"}]]]
resize_pblock [get_pblocks {CLKAG_design_1_i/cameralink_to_axis_1/inst/top_lvds_4x3_7to1_sdr_rx_inst/rx0/rx0/s_state_reg[0]}] -add {CLOCKREGION_X0Y0:CLOCKREGION_X0Y0 CLOCKREGION_X0Y1:CLOCKREGION_X0Y1}
#endgroup

# Clock net "design_1_i/cameralink_to_axis_1/refclk_out" driven by instance "design_1_i/cameralink_to_axis_1/refclk_out_BUFG_inst" located at site "BUFGCTRL_X0Y2"
#startgroup
create_pblock {CLKAG_design_1_i/cameralink_to_axis_1/refclk_out}
add_cells_to_pblock [get_pblocks  {CLKAG_design_1_i/cameralink_to_axis_1/refclk_out}] [get_cells -filter { PRIMITIVE_GROUP != I/O && IS_PRIMITIVE==1 && PRIMITIVE_LEVEL !=INTERNAL } -of_object [get_pins -filter {DIRECTION==IN} -of_objects [get_nets -hierarchical -filter {PARENT=="design_1_i/cameralink_to_axis_1/refclk_out"}]]]
resize_pblock [get_pblocks {CLKAG_design_1_i/cameralink_to_axis_1/refclk_out}] -add {CLOCKREGION_X0Y1:CLOCKREGION_X0Y1}
#endgroup

# Clock net "design_1_i/clk_wiz_0/inst/clk_out1" driven by instance "design_1_i/clk_wiz_0/inst/clkout1_buf" located at site "BUFGCTRL_X0Y3"
#startgroup
create_pblock {CLKAG_design_1_i/clk_wiz_0/inst/clk_out1}
add_cells_to_pblock [get_pblocks  {CLKAG_design_1_i/clk_wiz_0/inst/clk_out1}] [get_cells -filter { PRIMITIVE_GROUP != I/O && IS_PRIMITIVE==1 && PRIMITIVE_LEVEL !=INTERNAL } -of_object [get_pins -filter {DIRECTION==IN} -of_objects [get_nets -hierarchical -filter {PARENT=="design_1_i/clk_wiz_0/inst/clk_out1"}]]]
resize_pblock [get_pblocks {CLKAG_design_1_i/clk_wiz_0/inst/clk_out1}] -add {CLOCKREGION_X0Y1:CLOCKREGION_X0Y1 CLOCKREGION_X0Y2:CLOCKREGION_X0Y2}
#endgroup

# Clock net "design_1_i/clk_wiz_0/inst/clk_out2" driven by instance "design_1_i/clk_wiz_0/inst/clkout2_buf" located at site "BUFGCTRL_X0Y4"
#startgroup
create_pblock {CLKAG_design_1_i/clk_wiz_0/inst/clk_out2}
add_cells_to_pblock [get_pblocks  {CLKAG_design_1_i/clk_wiz_0/inst/clk_out2}] [get_cells -filter { PRIMITIVE_GROUP != I/O && IS_PRIMITIVE==1 && PRIMITIVE_LEVEL !=INTERNAL } -of_object [get_pins -filter {DIRECTION==IN} -of_objects [get_nets -hierarchical -filter {PARENT=="design_1_i/clk_wiz_0/inst/clk_out2"}]]]
resize_pblock [get_pblocks {CLKAG_design_1_i/clk_wiz_0/inst/clk_out2}] -add {CLOCKREGION_X0Y0:CLOCKREGION_X0Y0 CLOCKREGION_X0Y1:CLOCKREGION_X0Y1 CLOCKREGION_X0Y2:CLOCKREGION_X0Y2 CLOCKREGION_X1Y0:CLOCKREGION_X1Y0 CLOCKREGION_X1Y1:CLOCKREGION_X1Y1 CLOCKREGION_X1Y2:CLOCKREGION_X1Y2}
#endgroup

# Clock net "design_1_i/processing_system7_0/inst/FCLK_CLK0" driven by instance "design_1_i/processing_system7_0/inst/buffer_fclk_clk_0.FCLK_CLK_0_BUFG" located at site "BUFGCTRL_X0Y16"
#startgroup
create_pblock {CLKAG_design_1_i/processing_system7_0/inst/FCLK_CLK0}
add_cells_to_pblock [get_pblocks  {CLKAG_design_1_i/processing_system7_0/inst/FCLK_CLK0}] [get_cells -filter { PRIMITIVE_GROUP != I/O && IS_PRIMITIVE==1 && PRIMITIVE_LEVEL !=INTERNAL } -of_object [get_pins -filter {DIRECTION==IN} -of_objects [get_nets -hierarchical -filter {PARENT=="design_1_i/processing_system7_0/inst/FCLK_CLK0"}]]]
resize_pblock [get_pblocks {CLKAG_design_1_i/processing_system7_0/inst/FCLK_CLK0}] -add {CLOCKREGION_X0Y1:CLOCKREGION_X0Y1 CLOCKREGION_X0Y2:CLOCKREGION_X0Y2 CLOCKREGION_X0Y3:CLOCKREGION_X0Y3 CLOCKREGION_X1Y2:CLOCKREGION_X1Y2 CLOCKREGION_X1Y3:CLOCKREGION_X1Y3}
#endgroup

# Clock net "pixel_clk_out_BUFG" driven by instance "pixel_clk_out_BUFG_inst" located at site "BUFGCTRL_X0Y5"
#startgroup
create_pblock {CLKAG_pixel_clk_out_BUFG}
add_cells_to_pblock [get_pblocks  {CLKAG_pixel_clk_out_BUFG}] [get_cells -filter { PRIMITIVE_GROUP != I/O && IS_PRIMITIVE==1 && PRIMITIVE_LEVEL !=INTERNAL } -of_object [get_pins -filter {DIRECTION==IN} -of_objects [get_nets -hierarchical -filter {PARENT=="pixel_clk_out_BUFG"}]]]
resize_pblock [get_pblocks {CLKAG_pixel_clk_out_BUFG}] -add {CLOCKREGION_X1Y2:CLOCKREGION_X1Y2}
#endgroup
